<?xml version="1.0" encoding="UTF-8"?>
<!-- Generated by org.testng.reporters.JUnitReportReporter -->
<testsuite hostname="Galinas-Air" name="com.sqa.gy.helpers.BasicSqlDbTest" tests="1" failures="0" timestamp="14 Feb 2017 03:56:19 GMT" time="0.009" errors="0">
  <testcase name="BasicTest" time="0.009" classname="com.sqa.gy.helpers.BasicSqlDbTest"/>
</testsuite> <!-- com.sqa.gy.helpers.BasicSqlDbTest -->
